#
# A fatal error has been detected by the Java Runtime Environment:
#
#  EXCEPTION_ACCESS_VIOLATION (0xc0000005) at pc=0x00007ffa43ec6218, pid=44416, tid=41824
#
# JRE version: Java(TM) SE Runtime Environment (17.0.7+8) (build 17.0.7+8-LTS-224)
# Java VM: Java HotSpot(TM) 64-Bit Server VM (17.0.7+8-LTS-224, mixed mode, sharing, tiered, compressed oops, compressed class ptrs, g1 gc, windows-amd64)
# Problematic frame:
# V  [jvm.dll+0x8f6218]
#
# No core dump will be written. Minidumps are not enabled by default on client versions of Windows
#
# If you would like to submit a bug report, please visit:
#   https://bugreport.java.com/bugreport/crash.jsp
#

---------------  S U M M A R Y ------------

Command Line: -Dfile.encoding=windows-1252 -Duser.country=IN -Duser.language=en -Duser.variant com.ecom.prodmanager.ProdmanagerApplication

Host: Intel(R) Core(TM) i7-6700 CPU @ 3.40GHz, 8 cores, 15G,  Windows 10 , 64 bit Build 19041 (10.0.19041.3155)
Time: Fri Jul 21 20:28:43 2023 India Standard Time elapsed time: 33124.995565 seconds (0d 9h 12m 4s)

---------------  T H R E A D  ---------------

Current thread (0x0000024b9aa9d090):  ConcurrentGCThread "G1 Conc#1" [stack: 0x000000f328600000,0x000000f328700000] [id=41824]

Stack: [0x000000f328600000,0x000000f328700000],  sp=0x000000f3286ff908,  free space=1022k
Native frames: (J=compiled Java code, j=interpreted, Vv=VM code, C=native code)
V  [jvm.dll+0x8f6218]


siginfo: EXCEPTION_ACCESS_VIOLATION (0xc0000005), data execution prevention violation at address 0x00007ffa43ec6218


Register to memory mapping:

RIP=0x00007ffa43ec6218 jvm.dll
RAX=0x00007ffa4406ed90 jvm.dll
RBX=0x0000000000086628 is an unknown value
RCX=0x000000f3286ffa40 points into unknown readable memory: 0x00007ffa43ec8048 | 48 80 ec 43 fa 7f 00 00
RDX=0x00000007020b2a60 points into unknown readable memory: 0x0000000000000011 | 11 00 00 00 00 00 00 00
RSP=0x000000f3286ff908 points into unknown readable memory: 0x00007ffa438a1df1 | f1 1d 8a 43 fa 7f 00 00
RBP=0x000000f3286ffa40 points into unknown readable memory: 0x00007ffa43ec8048 | 48 80 ec 43 fa 7f 00 00
RSI=0x00000007020b2a60 points into unknown readable memory: 0x0000000000000011 | 11 00 00 00 00 00 00 00
RDI=0x000000080000e170 is pointing into metadata
R8 =0x000000080000e170 is pointing into metadata
R9 =0x0000000000000008 is an unknown value
R10=0x0000000800000000 is pointing into metadata
R11=0x0000000000000003 is an unknown value
R12=0x0 is NULL
R13=0xaaaaaaaaaaaaaaab is an unknown value
R14=0x0000000000000001 is an unknown value
R15=0x000000f3286ffa00 points into unknown readable memory: 0x0000024bf3f0e8e0 | e0 e8 f0 f3 4b 02 00 00


Registers:
RAX=0x00007ffa4406ed90, RBX=0x0000000000086628, RCX=0x000000f3286ffa40, RDX=0x00000007020b2a60
RSP=0x000000f3286ff908, RBP=0x000000f3286ffa40, RSI=0x00000007020b2a60, RDI=0x000000080000e170
R8 =0x000000080000e170, R9 =0x0000000000000008, R10=0x0000000800000000, R11=0x0000000000000003
R12=0x0000000000000000, R13=0xaaaaaaaaaaaaaaab, R14=0x0000000000000001, R15=0x000000f3286ffa00
RIP=0x00007ffa43ec6218, EFLAGS=0x0000000000010206

Top of Stack: (sp=0x000000f3286ff908)
0x000000f3286ff908:   00007ffa438a1df1 000000080014c750
0x000000f3286ff918:   0000000000000004 000000f3286ffa40
0x000000f3286ff928:   0000000000000000 0000024bf3f21520
0x000000f3286ff938:   00007ffa438b7824 00000007020b2a60
0x000000f3286ff948:   0000024bf3f0e930 000000f3286ffa00
0x000000f3286ff958:   0000024bf3f0e930 00000007020b2a60
0x000000f3286ff968:   00007ffa438b3f01 000000000015654c
0x000000f3286ff978:   0000000000000000 0000000701f4c630
0x000000f3286ff988:   00007ffa438b532e 0000000000180000
0x000000f3286ff998:   00007ffa438b58cc 00000007020b2a40
0x000000f3286ff9a8:   000000000015654c 00000000002160ec
0x000000f3286ff9b8:   0000000000000000 0000000000000000
0x000000f3286ff9c8:   0000000000000001 0000024bf3f21520
0x000000f3286ff9d8:   00007ffa438b483a 0000024bf3f215b8
0x000000f3286ff9e8:   0000000000000000 0000024b9c24b201
0x000000f3286ff9f8:   0000000000000000 0000024bf3f0e8e0 

Instructions: (pc=0x00007ffa43ec6218)
0x00007ffa43ec6118:   18 79 fa 43 fa 7f 00 00 10 4a 8a 43 fa 7f 00 00
0x00007ffa43ec6128:   f0 49 8a 43 fa 7f 00 00 a8 79 fa 43 fa 7f 00 00
0x00007ffa43ec6138:   2c 4f e0 43 fa 7f 00 00 00 5b 8a 43 fa 7f 00 00
0x00007ffa43ec6148:   b0 7a fa 43 fa 7f 00 00 10 1a 8a 43 fa 7f 00 00
0x00007ffa43ec6158:   28 7a fa 43 fa 7f 00 00 50 5a 8a 43 fa 7f 00 00
0x00007ffa43ec6168:   90 9e 5d 43 fa 7f 00 00 00 da 77 43 fa 7f 00 00
0x00007ffa43ec6178:   70 ca 8a 43 fa 7f 00 00 f0 19 8a 43 fa 7f 00 00
0x00007ffa43ec6188:   d0 da 77 43 fa 7f 00 00 73 5c 6f 70 65 6e 5c 73
0x00007ffa43ec6198:   72 63 5c 68 6f 74 73 70 6f 74 5c 73 68 61 72 65
0x00007ffa43ec61a8:   5c 67 63 2f 67 31 2f 67 31 43 61 72 64 54 61 62
0x00007ffa43ec61b8:   6c 65 2e 68 70 70 00 00 4f 6c 64 00 59 6f 75 6e
0x00007ffa43ec61c8:   67 00 00 00 00 00 00 00 a8 7c fa 43 fa 7f 00 00
0x00007ffa43ec61d8:   00 5a 8a 43 fa 7f 00 00 2c 4f e0 43 fa 7f 00 00
0x00007ffa43ec61e8:   b8 7b fa 43 fa 7f 00 00 00 5a 8a 43 fa 7f 00 00
0x00007ffa43ec61f8:   90 73 8a 43 fa 7f 00 00 4e 6f 72 6d 61 6c 00 00
0x00007ffa43ec6208:   50 72 65 70 61 72 65 20 4d 69 78 65 64 00 00 00
0x00007ffa43ec6218:   43 6f 6e 63 75 72 72 65 6e 74 20 53 74 61 72 74
0x00007ffa43ec6228:   00 00 00 00 00 00 00 00 43 6c 65 61 6e 75 70 00
0x00007ffa43ec6238:   52 65 6d 61 72 6b 00 00 4d 69 78 65 64 00 00 00
0x00007ffa43ec6248:   46 75 6c 6c 00 00 00 00 d0 7c fa 43 fa 7f 00 00
0x00007ffa43ec6258:   2c 4f e0 43 fa 7f 00 00 2c 4f e0 43 fa 7f 00 00
0x00007ffa43ec6268:   2c 4f e0 43 fa 7f 00 00 50 7d fa 43 fa 7f 00 00
0x00007ffa43ec6278:   10 c0 92 43 fa 7f 00 00 90 bd 92 43 fa 7f 00 00
0x00007ffa43ec6288:   20 7e fa 43 fa 7f 00 00 2c 4f e0 43 fa 7f 00 00
0x00007ffa43ec6298:   25 73 3a 20 75 73 69 6e 67 20 25 64 20 6f 75 74
0x00007ffa43ec62a8:   20 6f 66 20 25 64 20 77 6f 72 6b 65 72 73 00 00
0x00007ffa43ec62b8:   98 7e fa 43 fa 7f 00 00 b0 88 8a 43 fa 7f 00 00
0x00007ffa43ec62c8:   28 7f fa 43 fa 7f 00 00 30 89 8a 43 fa 7f 00 00
0x00007ffa43ec62d8:   b8 7f fa 43 fa 7f 00 00 a0 5b 8a 43 fa 7f 00 00
0x00007ffa43ec62e8:   52 45 54 49 52 45 00 00 43 53 45 54 00 00 00 00
0x00007ffa43ec62f8:   50 4f 53 54 2d 43 4f 4d 50 41 43 54 49 4f 4e 00
0x00007ffa43ec6308:   30 80 fa 43 fa 7f 00 00 40 f5 75 43 fa 7f 00 00 


Stack slot to memory mapping:
stack at sp + 0 slots: 0x00007ffa438a1df1 jvm.dll
stack at sp + 1 slots: 0x000000080014c750 is a pointer to class: 
java.util.HashMap$Node {0x000000080014c758}
 - instance size:     4
 - klass size:        72
 - access:            synchronized 
 - state:             fully_initialized
 - name:              'java/util/HashMap$Node'
 - super:             'java/lang/Object'
 - sub:               'java/util/LinkedHashMap$Entry'   
 - arrays:            'java/util/HashMap$Node'[]
 - methods:           Array<T>(0x000000080073f960)
 - method ordering:   Array<T>(0x000000080073fa38)
 - default_methods:   Array<T>(0x0000000000000000)
 - local interfaces:  Array<T>(0x000000080073e580)
 - trans. interfaces: Array<T>(0x000000080073e580)
 - constants:         constant pool [95] {0x000000080073f600} for 'java/util/HashMap$Node' cache=0x000000080014db40
 - class loader data:  loader data: 0x0000024bff63b080 of 'bootstrap'
 - source file:       'HashMap.java'
 - class annotations:       Array<T>(0x0000000000000000)
 - class type annotations:  Array<T>(0x0000000000000000)
 - field annotations:       Array<T>(0x0000000000000000)
 - field type annotations:  Array<T>(0x0000000000000000)
 - generic signature: '<K:Ljava/lang/Object;V:Ljava/lang/Object;>Ljava/lang/Object;Ljava/util/Map$Entry<TK;TV;>;'
 - inner classes:     Array<T>(0x000000080073f940)
 - nest members:     Array<T>(0x00000008005cfed8)
 - permitted subclasses:     Array<T>(0x00000008005cfed8)
 - java mirror:       a 'java/lang/Class'{0x000000070173e8e8} = 'java/util/HashMap$Node'
 - vtable length      5  (start addr: 0x000000080014c918)
 - itable length      9 (start addr: 0x000000080014c940)
 - ---- static fields (0 words):
 - ---- non-static fields (4 words):
 - final 'hash' 'I' @12 
 - final 'key' 'Ljava/lang/Object;' @16 
 - 'value' 'Ljava/lang/Object;' @20 
 - 'next' 'Ljava/util/HashMap$Node;' @24 
 - non-static oop maps: 16-24 
stack at sp + 2 slots: 0x0000000000000004 is an unknown value
stack at sp + 3 slots: 0x000000f3286ffa40 points into unknown readable memory: 0x00007ffa43ec8048 | 48 80 ec 43 fa 7f 00 00
stack at sp + 4 slots: 0x0 is NULL
stack at sp + 5 slots: 0x0000024bf3f21520 points into unknown readable memory: 0x00007ffa43ec8028 | 28 80 ec 43 fa 7f 00 00
stack at sp + 6 slots: 0x00007ffa438b7824 jvm.dll
stack at sp + 7 slots: 0x00000007020b2a60 points into unknown readable memory: 0x0000000000000011 | 11 00 00 00 00 00 00 00


---------------  P R O C E S S  ---------------

Threads class SMR info:
_java_thread_list=0x0000024b9eac4340, length=38, elements={
0x0000024b99802090, 0x0000024b99802bb0, 0x0000024b9981aa40, 0x0000024b9981b500,
0x0000024b9981ddd0, 0x0000024b9981e690, 0x0000024b9981f330, 0x0000024b9982b1f0,
0x0000024b998362d0, 0x0000024b99963900, 0x0000024b9996d7d0, 0x0000024b9b095700,
0x0000024b9b0990c0, 0x0000024b9b095bd0, 0x0000024b9b098250, 0x0000024b9b0960a0,
0x0000024b9b096570, 0x0000024b9b097d80, 0x0000024b9b096a40, 0x0000024b9b096f10,
0x0000024b9b0973e0, 0x0000024b9b0978b0, 0x0000024b9e64e8b0, 0x0000024b9e648870,
0x0000024b9e64bd60, 0x0000024b9e64b3c0, 0x0000024b9e647060, 0x0000024b9e64b890,
0x0000024b9e64d570, 0x0000024b9e64e3e0, 0x0000024b9e649bb0, 0x0000024b9e649210,
0x0000024b9e648d40, 0x0000024b9e64a550, 0x0000024b9e6496e0, 0x0000024b9e647530,
0x0000024b9e647a00, 0x0000024b9e647ed0
}

Java Threads: ( => current thread )
  0x0000024b99802090 JavaThread "Reference Handler" daemon [_thread_blocked, id=47728, stack(0x000000f327300000,0x000000f327400000)]
  0x0000024b99802bb0 JavaThread "Finalizer" daemon [_thread_blocked, id=47744, stack(0x000000f327400000,0x000000f327500000)]
  0x0000024b9981aa40 JavaThread "Signal Dispatcher" daemon [_thread_blocked, id=47748, stack(0x000000f327500000,0x000000f327600000)]
  0x0000024b9981b500 JavaThread "Attach Listener" daemon [_thread_blocked, id=47732, stack(0x000000f327600000,0x000000f327700000)]
  0x0000024b9981ddd0 JavaThread "Service Thread" daemon [_thread_blocked, id=47772, stack(0x000000f327700000,0x000000f327800000)]
  0x0000024b9981e690 JavaThread "Monitor Deflation Thread" daemon [_thread_blocked, id=47736, stack(0x000000f327800000,0x000000f327900000)]
  0x0000024b9981f330 JavaThread "C2 CompilerThread0" daemon [_thread_blocked, id=47756, stack(0x000000f327900000,0x000000f327a00000)]
  0x0000024b9982b1f0 JavaThread "C1 CompilerThread0" daemon [_thread_blocked, id=47752, stack(0x000000f327a00000,0x000000f327b00000)]
  0x0000024b998362d0 JavaThread "Sweeper thread" daemon [_thread_blocked, id=47764, stack(0x000000f327b00000,0x000000f327c00000)]
  0x0000024b99963900 JavaThread "Notification Thread" daemon [_thread_blocked, id=47760, stack(0x000000f327c00000,0x000000f327d00000)]
  0x0000024b9996d7d0 JavaThread "Common-Cleaner" daemon [_thread_blocked, id=47776, stack(0x000000f327e00000,0x000000f327f00000)]
  0x0000024b9b095700 JavaThread "Catalina-utility-1" [_thread_blocked, id=47140, stack(0x000000f328900000,0x000000f328a00000)]
  0x0000024b9b0990c0 JavaThread "Catalina-utility-2" [_thread_blocked, id=47888, stack(0x000000f328a00000,0x000000f328b00000)]
  0x0000024b9b095bd0 JavaThread "container-0" [_thread_blocked, id=47876, stack(0x000000f328b00000,0x000000f328c00000)]
  0x0000024b9b098250 JavaThread "Thread-1" daemon [_thread_in_native, id=38080, stack(0x000000f328c00000,0x000000f328d00000)]
  0x0000024b9b0960a0 JavaThread "BufferPoolPruner-1-thread-1" daemon [_thread_blocked, id=46908, stack(0x000000f328d00000,0x000000f328e00000)]
  0x0000024b9b096570 JavaThread "cluster-ClusterId{value='64ba1bc2aa30f324245010cf', description='null'}-ac-hh1orwh-shard-00-01.nup8wdc.mongodb.net:27017" daemon [_thread_in_native, id=47444, stack(0x000000f328f00000,0x000000f329000000)]
  0x0000024b9b097d80 JavaThread "cluster-rtt-ClusterId{value='64ba1bc2aa30f324245010cf', description='null'}-ac-hh1orwh-shard-00-01.nup8wdc.mongodb.net:27017" daemon [_thread_blocked, id=47900, stack(0x000000f329000000,0x000000f329100000)]
  0x0000024b9b096a40 JavaThread "cluster-ClusterId{value='64ba1bc2aa30f324245010cf', description='null'}-ac-hh1orwh-shard-00-00.nup8wdc.mongodb.net:27017" daemon [_thread_in_native, id=47476, stack(0x000000f329100000,0x000000f329200000)]
  0x0000024b9b096f10 JavaThread "cluster-rtt-ClusterId{value='64ba1bc2aa30f324245010cf', description='null'}-ac-hh1orwh-shard-00-00.nup8wdc.mongodb.net:27017" daemon [_thread_blocked, id=47528, stack(0x000000f329200000,0x000000f329300000)]
  0x0000024b9b0973e0 JavaThread "cluster-ClusterId{value='64ba1bc2aa30f324245010cf', description='null'}-ac-hh1orwh-shard-00-02.nup8wdc.mongodb.net:27017" daemon [_thread_in_native, id=47920, stack(0x000000f329300000,0x000000f329400000)]
  0x0000024b9b0978b0 JavaThread "cluster-rtt-ClusterId{value='64ba1bc2aa30f324245010cf', description='null'}-ac-hh1orwh-shard-00-02.nup8wdc.mongodb.net:27017" daemon [_thread_blocked, id=46912, stack(0x000000f329400000,0x000000f329500000)]
  0x0000024b9e64e8b0 JavaThread "MaintenanceTimer-2-thread-1" daemon [_thread_blocked, id=47460, stack(0x000000f329600000,0x000000f329700000)]
  0x0000024b9e648870 JavaThread "MaintenanceTimer-4-thread-1" daemon [_thread_blocked, id=47456, stack(0x000000f329700000,0x000000f329800000)]
  0x0000024b9e64bd60 JavaThread "MaintenanceTimer-3-thread-1" daemon [_thread_blocked, id=44440, stack(0x000000f329800000,0x000000f329900000)]
  0x0000024b9e64b3c0 JavaThread "http-nio-8080-exec-1" daemon [_thread_blocked, id=47128, stack(0x000000f329900000,0x000000f329a00000)]
  0x0000024b9e647060 JavaThread "http-nio-8080-exec-2" daemon [_thread_blocked, id=46904, stack(0x000000f329a00000,0x000000f329b00000)]
  0x0000024b9e64b890 JavaThread "http-nio-8080-exec-3" daemon [_thread_blocked, id=46500, stack(0x000000f329b00000,0x000000f329c00000)]
  0x0000024b9e64d570 JavaThread "http-nio-8080-exec-4" daemon [_thread_blocked, id=49012, stack(0x000000f329c00000,0x000000f329d00000)]
  0x0000024b9e64e3e0 JavaThread "http-nio-8080-exec-5" daemon [_thread_blocked, id=49032, stack(0x000000f329d00000,0x000000f329e00000)]
  0x0000024b9e649bb0 JavaThread "http-nio-8080-exec-6" daemon [_thread_blocked, id=47544, stack(0x000000f329e00000,0x000000f329f00000)]
  0x0000024b9e649210 JavaThread "http-nio-8080-exec-7" daemon [_thread_blocked, id=47852, stack(0x000000f329f00000,0x000000f32a000000)]
  0x0000024b9e648d40 JavaThread "http-nio-8080-exec-8" daemon [_thread_blocked, id=47936, stack(0x000000f32a000000,0x000000f32a100000)]
  0x0000024b9e64a550 JavaThread "http-nio-8080-exec-9" daemon [_thread_blocked, id=47812, stack(0x000000f32a100000,0x000000f32a200000)]
  0x0000024b9e6496e0 JavaThread "http-nio-8080-exec-10" daemon [_thread_blocked, id=48596, stack(0x000000f32a200000,0x000000f32a300000)]
  0x0000024b9e647530 JavaThread "http-nio-8080-Poller" daemon [_thread_in_native, id=49020, stack(0x000000f32a300000,0x000000f32a400000)]
  0x0000024b9e647a00 JavaThread "http-nio-8080-Acceptor" daemon [_thread_in_native, id=49136, stack(0x000000f32a400000,0x000000f32a500000)]
  0x0000024b9e647ed0 JavaThread "DestroyJavaVM" [_thread_blocked, id=47692, stack(0x000000f326c00000,0x000000f326d00000)]

Other Threads:
  0x0000024bff76c1b0 VMThread "VM Thread" [stack: 0x000000f327200000,0x000000f327300000] [id=47724]
  0x0000024bf3f270b0 WatcherThread [stack: 0x000000f327d00000,0x000000f327e00000] [id=47768]
  0x0000024bf3f0d3c0 GCTaskThread "GC Thread#0" [stack: 0x000000f326d00000,0x000000f326e00000] [id=47704]
  0x0000024b9a4a29c0 GCTaskThread "GC Thread#1" [stack: 0x000000f328100000,0x000000f328200000] [id=47688]
  0x0000024b9a4a2c70 GCTaskThread "GC Thread#2" [stack: 0x000000f328200000,0x000000f328300000] [id=45836]
  0x0000024b9a4a2f20 GCTaskThread "GC Thread#3" [stack: 0x000000f328300000,0x000000f328400000] [id=48876]
  0x0000024b9a4a31d0 GCTaskThread "GC Thread#4" [stack: 0x000000f328400000,0x000000f328500000] [id=48872]
  0x0000024b99f2e2f0 GCTaskThread "GC Thread#5" [stack: 0x000000f328500000,0x000000f328600000] [id=48880]
  0x0000024b9aa9d8a0 GCTaskThread "GC Thread#6" [stack: 0x000000f328700000,0x000000f328800000] [id=32384]
  0x0000024b9aa9e610 GCTaskThread "GC Thread#7" [stack: 0x000000f328800000,0x000000f328900000] [id=48984]
  0x0000024bf3f1f130 ConcurrentGCThread "G1 Main Marker" [stack: 0x000000f326e00000,0x000000f326f00000] [id=47708]
  0x0000024bf3f201f0 ConcurrentGCThread "G1 Conc#0" [stack: 0x000000f326f00000,0x000000f327000000] [id=47712]
=>0x0000024b9aa9d090 ConcurrentGCThread "G1 Conc#1" [stack: 0x000000f328600000,0x000000f328700000] [id=41824]
  0x0000024bf3f5c870 ConcurrentGCThread "G1 Refine#0" [stack: 0x000000f327000000,0x000000f327100000] [id=45360]
  0x0000024bff636f10 ConcurrentGCThread "G1 Service" [stack: 0x000000f327100000,0x000000f327200000] [id=47720]

Threads with active compile tasks:

VM state: not at safepoint (normal execution)

VM Mutex/Monitor currently owned by a thread: None

Heap address: 0x0000000701600000, size: 4074 MB, Compressed Oops mode: Zero based, Oop shift amount: 3

CDS archive(s) mapped at: [0x0000000800000000-0x0000000800bd0000-0x0000000800bd0000), size 12386304, SharedBaseAddress: 0x0000000800000000, ArchiveRelocationMode: 0.
Compressed class space mapped at: 0x0000000800c00000-0x0000000840c00000, reserved size: 1073741824
Narrow klass base: 0x0000000800000000, Narrow klass shift: 0, Narrow klass range: 0x100000000

GC Precious Log:
 CPUs: 8 total, 8 available
 Memory: 16292M
 Large Page Support: Disabled
 NUMA Support: Disabled
 Compressed Oops: Enabled (Zero based)
 Heap Region Size: 2M
 Heap Min Capacity: 8M
 Heap Initial Capacity: 256M
 Heap Max Capacity: 4074M
 Pre-touch: Disabled
 Parallel Workers: 8
 Concurrent Workers: 2
 Concurrent Refinement Workers: 8
 Periodic GC: Disabled

Heap:
 garbage-first heap   total 96256K, used 25052K [0x0000000701600000, 0x0000000800000000)
  region size 2048K, 2 young (4096K), 1 survivors (2048K)
 Metaspace       used 52929K, committed 53696K, reserved 1097728K
  class space    used 6842K, committed 7168K, reserved 1048576K

Heap Regions: E=young(eden), S=young(survivor), O=old, HS=humongous(starts), HC=humongous(continues), CS=collection set, F=free, OA=open archive, CA=closed archive, TAMS=top-at-mark-start (previous, next)
|   0|0x0000000701600000, 0x0000000701800000, 0x0000000701800000|100%| O|  |TAMS 0x0000000701800000, 0x0000000701800000| Untracked 
|   1|0x0000000701800000, 0x0000000701a00000, 0x0000000701a00000|100%| O|  |TAMS 0x0000000701a00000, 0x0000000701a00000| Untracked 
|   2|0x0000000701a00000, 0x0000000701c00000, 0x0000000701c00000|100%| O|  |TAMS 0x0000000701c00000, 0x0000000701c00000| Untracked 
|   3|0x0000000701c00000, 0x0000000701e00000, 0x0000000701e00000|100%| O|  |TAMS 0x0000000701e00000, 0x0000000701e00000| Untracked 
|   4|0x0000000701e00000, 0x0000000702000000, 0x0000000702000000|100%| O|  |TAMS 0x0000000702000000, 0x0000000702000000| Untracked 
|   5|0x0000000702000000, 0x0000000702200000, 0x0000000702200000|100%| O|  |TAMS 0x0000000702200000, 0x0000000702200000| Untracked 
|   6|0x0000000702200000, 0x0000000702200000, 0x0000000702400000|  0%| F|  |TAMS 0x0000000702200000, 0x0000000702200000| Untracked 
|   7|0x0000000702400000, 0x0000000702600000, 0x0000000702600000|100%| O|  |TAMS 0x0000000702600000, 0x0000000702600000| Untracked 
|   8|0x0000000702600000, 0x0000000702800000, 0x0000000702800000|100%| O|  |TAMS 0x0000000702800000, 0x0000000702800000| Untracked 
|   9|0x0000000702800000, 0x0000000702a00000, 0x0000000702a00000|100%| O|  |TAMS 0x0000000702a00000, 0x0000000702a00000| Untracked 
|  10|0x0000000702a00000, 0x0000000702c00000, 0x0000000702c00000|100%| O|  |TAMS 0x0000000702a00000, 0x0000000702c00000| Untracked 
|  11|0x0000000702c00000, 0x0000000702e00000, 0x0000000702e00000|100%| O|  |TAMS 0x0000000702e00000, 0x0000000702e00000| Untracked 
|  12|0x0000000702e00000, 0x0000000702e58800, 0x0000000703000000| 17%| O|  |TAMS 0x0000000702e00000, 0x0000000702e17800| Untracked 
|  13|0x0000000703000000, 0x0000000703000000, 0x0000000703200000|  0%| F|  |TAMS 0x0000000703000000, 0x0000000703000000| Untracked 
|  14|0x0000000703200000, 0x0000000703200000, 0x0000000703400000|  0%| F|  |TAMS 0x0000000703200000, 0x0000000703200000| Untracked 
|  15|0x0000000703400000, 0x0000000703600000, 0x0000000703600000|100%| O|  |TAMS 0x0000000703600000, 0x0000000703600000| Untracked 
|  16|0x0000000703600000, 0x0000000703600000, 0x0000000703800000|  0%| F|  |TAMS 0x0000000703600000, 0x0000000703600000| Untracked 
|  17|0x0000000703800000, 0x0000000703800000, 0x0000000703a00000|  0%| F|  |TAMS 0x0000000703800000, 0x0000000703800000| Untracked 
|  18|0x0000000703a00000, 0x0000000703a1ea20, 0x0000000703c00000|  5%| S|CS|TAMS 0x0000000703a00000, 0x0000000703a00000| Complete 
|  19|0x0000000703c00000, 0x0000000703c00000, 0x0000000703e00000|  0%| F|  |TAMS 0x0000000703c00000, 0x0000000703c00000| Untracked 
|  20|0x0000000703e00000, 0x0000000703e00000, 0x0000000704000000|  0%| F|  |TAMS 0x0000000703e00000, 0x0000000703e00000| Untracked 
|  21|0x0000000704000000, 0x0000000704000000, 0x0000000704200000|  0%| F|  |TAMS 0x0000000704000000, 0x0000000704000000| Untracked 
|  22|0x0000000704200000, 0x0000000704200000, 0x0000000704400000|  0%| F|  |TAMS 0x0000000704200000, 0x0000000704200000| Untracked 
|  23|0x0000000704400000, 0x0000000704400000, 0x0000000704600000|  0%| F|  |TAMS 0x0000000704400000, 0x0000000704400000| Untracked 
|  24|0x0000000704600000, 0x0000000704600000, 0x0000000704800000|  0%| F|  |TAMS 0x0000000704600000, 0x0000000704600000| Untracked 
|  25|0x0000000704800000, 0x0000000704800000, 0x0000000704a00000|  0%| F|  |TAMS 0x0000000704800000, 0x0000000704800000| Untracked 
|  26|0x0000000704a00000, 0x0000000704a00000, 0x0000000704c00000|  0%| F|  |TAMS 0x0000000704a00000, 0x0000000704a00000| Untracked 
|  27|0x0000000704c00000, 0x0000000704c00000, 0x0000000704e00000|  0%| F|  |TAMS 0x0000000704c00000, 0x0000000704c00000| Untracked 
|  28|0x0000000704e00000, 0x0000000704e00000, 0x0000000705000000|  0%| F|  |TAMS 0x0000000704e00000, 0x0000000704e00000| Untracked 
|  29|0x0000000705000000, 0x0000000705000000, 0x0000000705200000|  0%| F|  |TAMS 0x0000000705000000, 0x0000000705000000| Untracked 
|  30|0x0000000705200000, 0x0000000705200000, 0x0000000705400000|  0%| F|  |TAMS 0x0000000705200000, 0x0000000705200000| Untracked 
|  31|0x0000000705400000, 0x0000000705400000, 0x0000000705600000|  0%| F|  |TAMS 0x0000000705400000, 0x0000000705400000| Untracked 
|  32|0x0000000705600000, 0x0000000705600000, 0x0000000705800000|  0%| F|  |TAMS 0x0000000705600000, 0x0000000705600000| Untracked 
|  33|0x0000000705800000, 0x0000000705800000, 0x0000000705a00000|  0%| F|  |TAMS 0x0000000705800000, 0x0000000705800000| Untracked 
|  34|0x0000000705a00000, 0x0000000705a00000, 0x0000000705c00000|  0%| F|  |TAMS 0x0000000705a00000, 0x0000000705a00000| Untracked 
|  35|0x0000000705c00000, 0x0000000705c00000, 0x0000000705e00000|  0%| F|  |TAMS 0x0000000705c00000, 0x0000000705c00000| Untracked 
|  36|0x0000000705e00000, 0x0000000705e00000, 0x0000000706000000|  0%| F|  |TAMS 0x0000000705e00000, 0x0000000705e00000| Untracked 
|  37|0x0000000706000000, 0x0000000706000000, 0x0000000706200000|  0%| F|  |TAMS 0x0000000706000000, 0x0000000706000000| Untracked 
|  38|0x0000000706200000, 0x0000000706200000, 0x0000000706400000|  0%| F|  |TAMS 0x0000000706200000, 0x0000000706200000| Untracked 
|  39|0x0000000706400000, 0x0000000706400000, 0x0000000706600000|  0%| F|  |TAMS 0x0000000706400000, 0x0000000706400000| Untracked 
|  40|0x0000000706600000, 0x0000000706600000, 0x0000000706800000|  0%| F|  |TAMS 0x0000000706600000, 0x0000000706600000| Untracked 
|  41|0x0000000706800000, 0x0000000706800000, 0x0000000706a00000|  0%| F|  |TAMS 0x0000000706800000, 0x0000000706800000| Untracked 
|  42|0x0000000706a00000, 0x0000000706a00000, 0x0000000706c00000|  0%| F|  |TAMS 0x0000000706a00000, 0x0000000706a00000| Untracked 
|  43|0x0000000706c00000, 0x0000000706c00000, 0x0000000706e00000|  0%| F|  |TAMS 0x0000000706c00000, 0x0000000706c00000| Untracked 
|  44|0x0000000706e00000, 0x0000000706e00000, 0x0000000707000000|  0%| F|  |TAMS 0x0000000706e00000, 0x0000000706e00000| Untracked 
|  45|0x0000000707000000, 0x0000000707000000, 0x0000000707200000|  0%| F|  |TAMS 0x0000000707000000, 0x0000000707000000| Untracked 
| 127|0x0000000711400000, 0x0000000711432b68, 0x0000000711600000|  9%| E|  |TAMS 0x0000000711400000, 0x0000000711400000| Complete 

Card table byte_map: [0x0000024bfe1b0000,0x0000024bfe9b0000] _byte_map_base: 0x0000024bfa9a5000

Marking Bits (Prev, Next): (CMBitMap*) 0x0000024bf3f0e8f0, (CMBitMap*) 0x0000024bf3f0e930
 Prev Bits: [0x0000024b8f000000, 0x0000024b92fa8000)
 Next Bits: [0x0000024b92fb0000, 0x0000024b96f58000)

Polling page: 0x0000024bf3f70000

Metaspace:

Usage:
  Non-class:     45.01 MB used.
      Class:      6.68 MB used.
       Both:     51.69 MB used.

Virtual space:
  Non-class space:       48.00 MB reserved,      45.44 MB ( 95%) committed,  6 nodes.
      Class space:        1.00 GB reserved,       7.00 MB ( <1%) committed,  1 nodes.
             Both:        1.05 GB reserved,      52.44 MB (  5%) committed. 

Chunk freelists:
   Non-Class:  2.68 MB
       Class:  1.12 MB
        Both:  3.80 MB

MaxMetaspaceSize: unlimited
CompressedClassSpaceSize: 1.00 GB
Initial GC threshold: 21.00 MB
Current GC threshold: 87.44 MB
CDS: on
MetaspaceReclaimPolicy: balanced
 - commit_granule_bytes: 65536.
 - commit_granule_words: 8192.
 - virtual_space_node_default_size: 1048576.
 - enlarge_chunks_in_place: 1.
 - new_chunks_are_fully_committed: 0.
 - uncommit_free_chunks: 1.
 - use_allocation_guard: 0.
 - handle_deallocations: 1.


Internal statistics:

num_allocs_failed_limit: 9.
num_arena_births: 766.
num_arena_deaths: 244.
num_vsnodes_births: 7.
num_vsnodes_deaths: 0.
num_space_committed: 839.
num_space_uncommitted: 0.
num_chunks_returned_to_freelist: 279.
num_chunks_taken_from_freelist: 2598.
num_chunk_merges: 96.
num_chunk_splits: 1764.
num_chunks_enlarged: 1301.
num_purges: 4.
num_inconsistent_stats: 0.

CodeHeap 'non-profiled nmethods': size=120000Kb used=5270Kb max_used=5270Kb free=114729Kb
 bounds [0x0000024b87ad0000, 0x0000024b88000000, 0x0000024b8f000000]
CodeHeap 'profiled nmethods': size=120000Kb used=12898Kb max_used=12904Kb free=107102Kb
 bounds [0x0000024b80000000, 0x0000024b80ca0000, 0x0000024b87530000]
CodeHeap 'non-nmethods': size=5760Kb used=1308Kb max_used=1395Kb free=4451Kb
 bounds [0x0000024b87530000, 0x0000024b877a0000, 0x0000024b87ad0000]
 total_blobs=7227 nmethods=6596 adapters=542
 compilation: enabled
              stopped_count=0, restarted_count=0
 full_count=0

Compilation events (20 events):
Event: 24332.066 Thread 0x0000024b9aadcc40 nmethod 7380 0x0000024b87feee10 code [0x0000024b87feef80, 0x0000024b87fef0f8]
Event: 24332.083 Thread 0x0000024b9981f330 nmethod 7381 0x0000024b87fef190 code [0x0000024b87fef3c0, 0x0000024b87ff0038]
Event: 26215.062 Thread 0x0000024b9981f330 7382       4       java.util.TreeSet::add (22 bytes)
Event: 26215.066 Thread 0x0000024b9981f330 nmethod 7382 0x0000024b87ff0610 code [0x0000024b87ff07a0, 0x0000024b87ff08a8]
Event: 26644.059 Thread 0x0000024b9981f330 7383       4       java.lang.Integer::compareTo (9 bytes)
Event: 26644.060 Thread 0x0000024b9981f330 nmethod 7383 0x0000024b87ff0a10 code [0x0000024b87ff0b80, 0x0000024b87ff0c58]
Event: 27544.822 Thread 0x0000024b9981f330 7384       4       com.mongodb.internal.connection.AbstractMultiServerCluster::nullSafeMax (28 bytes)
Event: 27544.845 Thread 0x0000024b9981f330 nmethod 7384 0x0000024b87ff0d10 code [0x0000024b87ff0ec0, 0x0000024b87ff1458]
Event: 29926.839 Thread 0x0000024b9981f330 7385       4       com.mongodb.internal.connection.AbstractMultiServerCluster::nullSafeCompareTo (28 bytes)
Event: 29926.852 Thread 0x0000024b9981f330 nmethod 7385 0x0000024b87ff1810 code [0x0000024b87ff19c0, 0x0000024b87ff1ed8]
Event: 30868.807 Thread 0x0000024b9981f330 7386       4       java.util.concurrent.ConcurrentHashMap$CollectionView::toArray (204 bytes)
Event: 30868.833 Thread 0x0000024b9981f330 nmethod 7386 0x0000024b87ff2210 code [0x0000024b87ff2400, 0x0000024b87ff3838]
Event: 32058.808 Thread 0x0000024b9981f330 7387       4       java.nio.Buffer::nextPutIndex (30 bytes)
Event: 32058.809 Thread 0x0000024b9981f330 nmethod 7387 0x0000024b87ff4290 code [0x0000024b87ff4400, 0x0000024b87ff44b8]
Event: 32098.754 Thread 0x0000024b9982b1f0 7388       3       java.util.concurrent.ScheduledThreadPoolExecutor$DelayedWorkQueue::take (5 bytes)
Event: 32098.754 Thread 0x0000024b9982b1f0 nmethod 7388 0x0000024b80c99f10 code [0x0000024b80c9a0a0, 0x0000024b80c9a1e8]
Event: 32114.755 Thread 0x0000024b9981f330 7389       4       java.util.concurrent.ScheduledThreadPoolExecutor$DelayedWorkQueue::finishPoll (43 bytes)
Event: 32114.781 Thread 0x0000024b9981f330 nmethod 7389 0x0000024b87ff4590 code [0x0000024b87ff4760, 0x0000024b87ff5118]
Event: 32640.295 Thread 0x0000024b9981f330 7390       4       java.util.Comparator$$Lambda$666/0x0000000800fd5e68::compare (10 bytes)
Event: 32640.299 Thread 0x0000024b9981f330 nmethod 7390 0x0000024b87ff5710 code [0x0000024b87ff58a0, 0x0000024b87ff59f8]

GC Heap History (20 events):
Event: 13099.037 GC heap before
{Heap before GC invocations=25 (full 0):
 garbage-first heap   total 81920K, used 67823K [0x0000000701600000, 0x0000000800000000)
  region size 2048K, 22 young (45056K), 1 survivors (2048K)
 Metaspace       used 52915K, committed 53696K, reserved 1097728K
  class space    used 6840K, committed 7168K, reserved 1048576K
}
Event: 13099.041 GC heap after
{Heap after GC invocations=26 (full 0):
 garbage-first heap   total 81920K, used 24879K [0x0000000701600000, 0x0000000800000000)
  region size 2048K, 1 young (2048K), 1 survivors (2048K)
 Metaspace       used 52915K, committed 53696K, reserved 1097728K
  class space    used 6840K, committed 7168K, reserved 1048576K
}
Event: 15354.275 GC heap before
{Heap before GC invocations=26 (full 0):
 garbage-first heap   total 81920K, used 67887K [0x0000000701600000, 0x0000000800000000)
  region size 2048K, 22 young (45056K), 1 survivors (2048K)
 Metaspace       used 52921K, committed 53696K, reserved 1097728K
  class space    used 6841K, committed 7168K, reserved 1048576K
}
Event: 15354.282 GC heap after
{Heap after GC invocations=27 (full 0):
 garbage-first heap   total 81920K, used 24837K [0x0000000701600000, 0x0000000800000000)
  region size 2048K, 1 young (2048K), 1 survivors (2048K)
 Metaspace       used 52921K, committed 53696K, reserved 1097728K
  class space    used 6841K, committed 7168K, reserved 1048576K
}
Event: 17624.757 GC heap before
{Heap before GC invocations=28 (full 0):
 garbage-first heap   total 81920K, used 67845K [0x0000000701600000, 0x0000000800000000)
  region size 2048K, 22 young (45056K), 1 survivors (2048K)
 Metaspace       used 52922K, committed 53696K, reserved 1097728K
  class space    used 6841K, committed 7168K, reserved 1048576K
}
Event: 17624.763 GC heap after
{Heap after GC invocations=29 (full 0):
 garbage-first heap   total 116736K, used 24897K [0x0000000701600000, 0x0000000800000000)
  region size 2048K, 1 young (2048K), 1 survivors (2048K)
 Metaspace       used 52922K, committed 53696K, reserved 1097728K
  class space    used 6841K, committed 7168K, reserved 1048576K
}
Event: 21199.418 GC heap before
{Heap before GC invocations=29 (full 0):
 garbage-first heap   total 116736K, used 92481K [0x0000000701600000, 0x0000000800000000)
  region size 2048K, 34 young (69632K), 1 survivors (2048K)
 Metaspace       used 52928K, committed 53696K, reserved 1097728K
  class space    used 6842K, committed 7168K, reserved 1048576K
}
Event: 21199.420 GC heap after
{Heap after GC invocations=30 (full 0):
 garbage-first heap   total 116736K, used 24848K [0x0000000701600000, 0x0000000800000000)
  region size 2048K, 1 young (2048K), 1 survivors (2048K)
 Metaspace       used 52928K, committed 53696K, reserved 1097728K
  class space    used 6842K, committed 7168K, reserved 1048576K
}
Event: 24137.097 GC heap before
{Heap before GC invocations=31 (full 0):
 garbage-first heap   total 96256K, used 80144K [0x0000000701600000, 0x0000000800000000)
  region size 2048K, 28 young (57344K), 1 survivors (2048K)
 Metaspace       used 52929K, committed 53696K, reserved 1097728K
  class space    used 6842K, committed 7168K, reserved 1048576K
}
Event: 24137.103 GC heap after
{Heap after GC invocations=32 (full 0):
 garbage-first heap   total 96256K, used 24853K [0x0000000701600000, 0x0000000800000000)
  region size 2048K, 1 young (2048K), 1 survivors (2048K)
 Metaspace       used 52929K, committed 53696K, reserved 1097728K
  class space    used 6842K, committed 7168K, reserved 1048576K
}
Event: 24237.197 GC heap before
{Heap before GC invocations=32 (full 0):
 garbage-first heap   total 96256K, used 26901K [0x0000000701600000, 0x0000000800000000)
  region size 2048K, 2 young (4096K), 1 survivors (2048K)
 Metaspace       used 52929K, committed 53696K, reserved 1097728K
  class space    used 6842K, committed 7168K, reserved 1048576K
}
Event: 24237.206 GC heap after
{Heap after GC invocations=33 (full 0):
 garbage-first heap   total 96256K, used 24838K [0x0000000701600000, 0x0000000800000000)
  region size 2048K, 1 young (2048K), 1 survivors (2048K)
 Metaspace       used 52929K, committed 53696K, reserved 1097728K
  class space    used 6842K, committed 7168K, reserved 1048576K
}
Event: 27166.268 GC heap before
{Heap before GC invocations=33 (full 0):
 garbage-first heap   total 96256K, used 80134K [0x0000000701600000, 0x0000000800000000)
  region size 2048K, 28 young (57344K), 1 survivors (2048K)
 Metaspace       used 52929K, committed 53696K, reserved 1097728K
  class space    used 6842K, committed 7168K, reserved 1048576K
}
Event: 27166.278 GC heap after
{Heap after GC invocations=34 (full 0):
 garbage-first heap   total 96256K, used 24832K [0x0000000701600000, 0x0000000800000000)
  region size 2048K, 1 young (2048K), 1 survivors (2048K)
 Metaspace       used 52929K, committed 53696K, reserved 1097728K
  class space    used 6842K, committed 7168K, reserved 1048576K
}
Event: 30097.176 GC heap before
{Heap before GC invocations=35 (full 0):
 garbage-first heap   total 96256K, used 80128K [0x0000000701600000, 0x0000000800000000)
  region size 2048K, 28 young (57344K), 1 survivors (2048K)
 Metaspace       used 52929K, committed 53696K, reserved 1097728K
  class space    used 6842K, committed 7168K, reserved 1048576K
}
Event: 30097.182 GC heap after
{Heap after GC invocations=36 (full 0):
 garbage-first heap   total 96256K, used 24839K [0x0000000701600000, 0x0000000800000000)
  region size 2048K, 1 young (2048K), 1 survivors (2048K)
 Metaspace       used 52929K, committed 53696K, reserved 1097728K
  class space    used 6842K, committed 7168K, reserved 1048576K
}
Event: 30197.593 GC heap before
{Heap before GC invocations=36 (full 0):
 garbage-first heap   total 96256K, used 26887K [0x0000000701600000, 0x0000000800000000)
  region size 2048K, 2 young (4096K), 1 survivors (2048K)
 Metaspace       used 52929K, committed 53696K, reserved 1097728K
  class space    used 6842K, committed 7168K, reserved 1048576K
}
Event: 30197.597 GC heap after
{Heap after GC invocations=37 (full 0):
 garbage-first heap   total 96256K, used 24848K [0x0000000701600000, 0x0000000800000000)
  region size 2048K, 1 young (2048K), 1 survivors (2048K)
 Metaspace       used 52929K, committed 53696K, reserved 1097728K
  class space    used 6842K, committed 7168K, reserved 1048576K
}
Event: 33124.288 GC heap before
{Heap before GC invocations=37 (full 0):
 garbage-first heap   total 96256K, used 80144K [0x0000000701600000, 0x0000000800000000)
  region size 2048K, 28 young (57344K), 1 survivors (2048K)
 Metaspace       used 52929K, committed 53696K, reserved 1097728K
  class space    used 6842K, committed 7168K, reserved 1048576K
}
Event: 33124.290 GC heap after
{Heap after GC invocations=38 (full 0):
 garbage-first heap   total 96256K, used 25052K [0x0000000701600000, 0x0000000800000000)
  region size 2048K, 1 young (2048K), 1 survivors (2048K)
 Metaspace       used 52929K, committed 53696K, reserved 1097728K
  class space    used 6842K, committed 7168K, reserved 1048576K
}

Deoptimization events (20 events):
Event: 13034.067 Thread 0x0000024b9b0990c0 DEOPT PACKING pc=0x0000024b87f443c4 sp=0x000000f328aff0d0
Event: 13034.067 Thread 0x0000024b9b0990c0 DEOPT UNPACKING pc=0x0000024b875823a3 sp=0x000000f328afee40 mode 2
Event: 13085.756 Thread 0x0000024b9b0990c0 Uncommon trap: trap_request=0xffffff45 fr.pc=0x0000024b87e5ee68 relative=0x00000000000000c8
Event: 13085.756 Thread 0x0000024b9b0990c0 Uncommon trap: reason=unstable_if action=reinterpret pc=0x0000024b87e5ee68 method=java.util.concurrent.ScheduledThreadPoolExecutor$ScheduledFutureTask.compareTo(Ljava/util/concurrent/Delayed;)I @ 40 c2
Event: 13085.756 Thread 0x0000024b9b0990c0 DEOPT PACKING pc=0x0000024b87e5ee68 sp=0x000000f328afeeb0
Event: 13085.756 Thread 0x0000024b9b0990c0 DEOPT UNPACKING pc=0x0000024b875823a3 sp=0x000000f328afee38 mode 2
Event: 13454.894 Thread 0x0000024b9b095700 Uncommon trap: trap_request=0xfffffff4 fr.pc=0x0000024b87dfc3f4 relative=0x0000000000002914
Event: 13454.894 Thread 0x0000024b9b095700 Uncommon trap: reason=null_check action=make_not_entrant pc=0x0000024b87dfc3f4 method=java.util.jar.JarFile.getManifestFromReference()Ljava/util/jar/Manifest; @ 14 c2
Event: 13454.894 Thread 0x0000024b9b095700 DEOPT PACKING pc=0x0000024b87dfc3f4 sp=0x000000f3289fa340
Event: 13454.894 Thread 0x0000024b9b095700 DEOPT UNPACKING pc=0x0000024b875823a3 sp=0x000000f3289fa310 mode 2
Event: 14737.161 Thread 0x0000024b9b0978b0 Uncommon trap: trap_request=0xffffff45 fr.pc=0x0000024b87ea4d4c relative=0x00000000000003cc
Event: 14737.162 Thread 0x0000024b9b0978b0 Uncommon trap: reason=unstable_if action=reinterpret pc=0x0000024b87ea4d4c method=java.util.concurrent.ConcurrentLinkedDeque.unlinkLast(Ljava/util/concurrent/ConcurrentLinkedDeque$Node;Ljava/util/concurrent/ConcurrentLinkedDeque$Node;)V @ 77 c2
Event: 14737.162 Thread 0x0000024b9b0978b0 DEOPT PACKING pc=0x0000024b87ea4d4c sp=0x000000f3294febc0
Event: 14737.162 Thread 0x0000024b9b0978b0 DEOPT UNPACKING pc=0x0000024b875823a3 sp=0x000000f3294feae0 mode 2
Event: 19744.294 Thread 0x0000024b9b0960a0 DEOPT PACKING pc=0x0000024b80c6ec30 sp=0x000000f328dff080
Event: 19744.294 Thread 0x0000024b9b0960a0 DEOPT UNPACKING pc=0x0000024b87582b43 sp=0x000000f328dfe528 mode 0
Event: 31999.744 Thread 0x0000024b9b095700 Uncommon trap: trap_request=0xffffff45 fr.pc=0x0000024b87f6a59c relative=0x0000000000000afc
Event: 31999.744 Thread 0x0000024b9b095700 Uncommon trap: reason=unstable_if action=reinterpret pc=0x0000024b87f6a59c method=java.util.concurrent.ScheduledThreadPoolExecutor$DelayedWorkQueue.take()Ljava/util/concurrent/RunnableScheduledFuture; @ 59 c2
Event: 31999.744 Thread 0x0000024b9b095700 DEOPT PACKING pc=0x0000024b87f6a59c sp=0x000000f3289ff230
Event: 31999.744 Thread 0x0000024b9b095700 DEOPT UNPACKING pc=0x0000024b875823a3 sp=0x000000f3289ff190 mode 2

Classes unloaded (20 events):
Event: 4557.709 Thread 0x0000024bff76c1b0 Unloading class 0x0000000800cc5c00 'java/lang/invoke/LambdaForm$MH+0x0000000800cc5c00'
Event: 4557.709 Thread 0x0000024bff76c1b0 Unloading class 0x0000000800cc5800 'java/lang/invoke/LambdaForm$MH+0x0000000800cc5800'
Event: 4557.709 Thread 0x0000024bff76c1b0 Unloading class 0x0000000800cc5400 'java/lang/invoke/LambdaForm$MH+0x0000000800cc5400'
Event: 4557.709 Thread 0x0000024bff76c1b0 Unloading class 0x0000000800cc5000 'java/lang/invoke/LambdaForm$MH+0x0000000800cc5000'
Event: 4557.709 Thread 0x0000024bff76c1b0 Unloading class 0x0000000800cc4c00 'java/lang/invoke/LambdaForm$MH+0x0000000800cc4c00'
Event: 4557.709 Thread 0x0000024bff76c1b0 Unloading class 0x0000000800cc4800 'java/lang/invoke/LambdaForm$MH+0x0000000800cc4800'
Event: 4557.709 Thread 0x0000024bff76c1b0 Unloading class 0x0000000800cc4400 'java/lang/invoke/LambdaForm$MH+0x0000000800cc4400'
Event: 4557.709 Thread 0x0000024bff76c1b0 Unloading class 0x0000000800cc4000 'java/lang/invoke/LambdaForm$MH+0x0000000800cc4000'
Event: 4557.709 Thread 0x0000024bff76c1b0 Unloading class 0x0000000800c21400 'java/lang/invoke/LambdaForm$MH+0x0000000800c21400'
Event: 4557.709 Thread 0x0000024bff76c1b0 Unloading class 0x0000000800c21000 'java/lang/invoke/LambdaForm$MH+0x0000000800c21000'
Event: 4557.709 Thread 0x0000024bff76c1b0 Unloading class 0x0000000800c20c00 'java/lang/invoke/LambdaForm$MH+0x0000000800c20c00'
Event: 4557.709 Thread 0x0000024bff76c1b0 Unloading class 0x0000000800c20800 'java/lang/invoke/LambdaForm$MH+0x0000000800c20800'
Event: 4557.709 Thread 0x0000024bff76c1b0 Unloading class 0x0000000800c20400 'java/lang/invoke/LambdaForm$MH+0x0000000800c20400'
Event: 4557.709 Thread 0x0000024bff76c1b0 Unloading class 0x0000000800c20000 'java/lang/invoke/LambdaForm$MH+0x0000000800c20000'
Event: 4557.709 Thread 0x0000024bff76c1b0 Unloading class 0x0000000800c11000 'java/lang/invoke/LambdaForm$MH+0x0000000800c11000'
Event: 4557.709 Thread 0x0000024bff76c1b0 Unloading class 0x0000000800c10800 'java/lang/invoke/LambdaForm$MH+0x0000000800c10800'
Event: 4557.709 Thread 0x0000024bff76c1b0 Unloading class 0x0000000800c10000 'java/lang/invoke/LambdaForm$MH+0x0000000800c10000'
Event: 4557.709 Thread 0x0000024bff76c1b0 Unloading class 0x0000000800c08800 'java/lang/invoke/LambdaForm$MH+0x0000000800c08800'
Event: 10829.659 Thread 0x0000024bff76c1b0 Unloading class 0x0000000800f01800 'java/lang/invoke/LambdaForm$MH+0x0000000800f01800'
Event: 10829.659 Thread 0x0000024bff76c1b0 Unloading class 0x0000000800f01400 'java/lang/invoke/LambdaForm$MH+0x0000000800f01400'

Classes redefined (0 events):
No events

Internal exceptions (20 events):
Event: 5.062 Thread 0x0000024bf3ea0180 Exception <a 'java/lang/NoSuchMethodError'{0x0000000703d17ef8}: 'int java.lang.invoke.DirectMethodHandle$Holder.invokeStatic(java.lang.Object, java.lang.Object, int)'> (0x0000000703d17ef8) 
thrown [s\open\src\hotspot\share\interpreter\linkResolver.cpp, line 759]
Event: 5.322 Thread 0x0000024bf3ea0180 Exception <a 'java/lang/NoSuchMethodError'{0x000000070602e868}: 'void java.lang.invoke.DirectMethodHandle$Holder.invokeVirtual(java.lang.Object, java.lang.Object, long)'> (0x000000070602e868) 
thrown [s\open\src\hotspot\share\interpreter\linkResolver.cpp, line 759]
Event: 5.464 Thread 0x0000024bf3ea0180 Exception <a 'java/lang/IncompatibleClassChangeError'{0x0000000705a9e448}: Found class java.lang.Object, but interface was expected> (0x0000000705a9e448) 
thrown [s\open\src\hotspot\share\interpreter\linkResolver.cpp, line 826]
Event: 5.685 Thread 0x0000024bf3ea0180 Exception <a 'java/lang/NoSuchMethodError'{0x0000000705303cd0}: 'void java.lang.invoke.DirectMethodHandle$Holder.invokeVirtual(java.lang.Object, java.lang.Object, float)'> (0x0000000705303cd0) 
thrown [s\open\src\hotspot\share\interpreter\linkResolver.cpp, line 759]
Event: 5.717 Thread 0x0000024bf3ea0180 Exception <a 'java/lang/NoSuchMethodError'{0x00000007050fe288}: 'java.lang.Object java.lang.invoke.DirectMethodHandle$Holder.newInvokeSpecial(java.lang.Object, java.lang.Object, int, java.lang.Object, java.lang.Object)'> (0x00000007050fe288) 
thrown [s\open\src\hotspot\share\interpreter\linkResolver.cpp, line 759]
Event: 5.717 Thread 0x0000024bf3ea0180 Exception <a 'java/lang/NoSuchMethodError'{0x0000000705109b50}: 'java.lang.Object java.lang.invoke.DirectMethodHandle$Holder.invokeSpecial(java.lang.Object, java.lang.Object, int, java.lang.Object, int, java.lang.Object)'> (0x0000000705109b50) 
thrown [s\open\src\hotspot\share\interpreter\linkResolver.cpp, line 759]
Event: 5.718 Thread 0x0000024bf3ea0180 Exception <a 'java/lang/NoSuchMethodError'{0x0000000705111958}: 'java.lang.Object java.lang.invoke.DirectMethodHandle$Holder.newInvokeSpecial(java.lang.Object, java.lang.Object, int, java.lang.Object, int)'> (0x0000000705111958) 
thrown [s\open\src\hotspot\share\interpreter\linkResolver.cpp, line 759]
Event: 5.718 Thread 0x0000024bf3ea0180 Exception <a 'java/lang/NoSuchMethodError'{0x0000000705115a58}: 'java.lang.Object java.lang.invoke.DirectMethodHandle$Holder.invokeSpecial(java.lang.Object, java.lang.Object, java.lang.Object, int, java.lang.Object, int)'> (0x0000000705115a58) 
thrown [s\open\src\hotspot\share\interpreter\linkResolver.cpp, line 759]
Event: 43.572 Thread 0x0000024b9e64b3c0 Exception <a 'java/lang/NoSuchMethodError'{0x0000000704a81bb0}: 'java.lang.Object java.lang.invoke.DirectMethodHandle$Holder.invokeSpecial(java.lang.Object, java.lang.Object, java.lang.Object, java.lang.Object, java.lang.Object, long)'> (0x0000000704a81bb0) 
thrown [s\open\src\hotspot\share\interpreter\linkResolver.cpp, line 759]
Event: 43.572 Thread 0x0000024b9e64b3c0 Exception <a 'java/lang/NoSuchMethodError'{0x0000000704a85898}: 'java.lang.Object java.lang.invoke.Invokers$Holder.linkToTargetMethod(java.lang.Object, java.lang.Object, java.lang.Object, long, java.lang.Object)'> (0x0000000704a85898) 
thrown [s\open\src\hotspot\share\interpreter\linkResolver.cpp, line 759]
Event: 43.725 Thread 0x0000024b9e647060 Exception <a 'java/lang/NoSuchMethodError'{0x00000007046f69d8}: 'java.lang.Object java.lang.invoke.DirectMethodHandle$Holder.invokeStatic(java.lang.Object, int, int)'> (0x00000007046f69d8) 
thrown [s\open\src\hotspot\share\interpreter\linkResolver.cpp, line 759]
Event: 44.233 Thread 0x0000024b9e6496e0 Implicit null exception at 0x0000024b87c4f280 to 0x0000024b87c4f880
Event: 119.017 Thread 0x0000024b9e64e3e0 Exception <a 'java/lang/reflect/InvocationTargetException'{0x00000007059114a0}> (0x00000007059114a0) 
thrown [s\open\src\hotspot\share\runtime\reflection.cpp, line 1121]
Event: 119.340 Thread 0x0000024b9e64e3e0 Exception <a 'java/lang/NoSuchMethodError'{0x00000007056db3a0}: 'java.lang.Object java.lang.invoke.DirectMethodHandle$Holder.invokeVirtual(java.lang.Object, java.lang.Object, java.lang.Object, java.lang.Object, java.lang.Object)'> (0x00000007056db3a0) 
thrown [s\open\src\hotspot\share\interpreter\linkResolver.cpp, line 759]
Event: 119.351 Thread 0x0000024b9e64e3e0 Exception <a 'java/lang/NoSuchMethodError'{0x000000070572e018}: 'java.lang.Object java.lang.invoke.Invokers$Holder.invoke_MT(java.lang.Object, java.lang.Object, java.lang.Object, java.lang.Object, java.lang.Object, java.lang.Object, java.lang.Object, java.lang.Object, java.lang.Object)'> (0x000000070572e018) 
thrown [s\open\src\hotspot\share\interpreter\linkResolver.cpp, line 759]
Event: 5382.754 Thread 0x0000024b9b095700 Implicit null exception at 0x0000024b87ede8b5 to 0x0000024b87edeb74
Event: 5383.754 Thread 0x0000024b9b095700 Implicit null exception at 0x0000024b87ede8b5 to 0x0000024b87edeb74
Event: 5384.753 Thread 0x0000024b9b0990c0 Implicit null exception at 0x0000024b87ede8b5 to 0x0000024b87edeb74
Event: 5385.754 Thread 0x0000024b9b0990c0 Implicit null exception at 0x0000024b87ede8b5 to 0x0000024b87edeb74
Event: 13454.894 Thread 0x0000024b9b095700 Implicit null exception at 0x0000024b87df9b2f to 0x0000024b87dfc3e4

VM Operations (20 events):
Event: 24237.197 Executing VM operation: G1CollectForAllocation
Event: 24237.206 Executing VM operation: G1CollectForAllocation done
Event: 27166.267 Executing VM operation: G1CollectForAllocation
Event: 27166.278 Executing VM operation: G1CollectForAllocation done
Event: 27166.305 Executing VM operation: G1Concurrent
Event: 27166.335 Executing VM operation: G1Concurrent done
Event: 27166.342 Executing VM operation: G1Concurrent
Event: 27166.342 Executing VM operation: G1Concurrent done
Event: 30097.175 Executing VM operation: G1CollectForAllocation
Event: 30097.182 Executing VM operation: G1CollectForAllocation done
Event: 30197.593 Executing VM operation: G1CollectForAllocation
Event: 30197.597 Executing VM operation: G1CollectForAllocation done
Event: 30929.491 Executing VM operation: Cleanup
Event: 30929.491 Executing VM operation: Cleanup done
Event: 32640.299 Executing VM operation: HandshakeAllThreads
Event: 32640.299 Executing VM operation: HandshakeAllThreads done
Event: 32641.313 Executing VM operation: Cleanup
Event: 32641.314 Executing VM operation: Cleanup done
Event: 33124.288 Executing VM operation: G1CollectForAllocation
Event: 33124.290 Executing VM operation: G1CollectForAllocation done

Events (20 events):
Event: 119.172 loading class com/sun/crypto/provider/HmacSHA1 done
Event: 119.220 Thread 0x0000024b9aadcc40 Thread added: 0x0000024b9aadcc40
Event: 119.289 loading class java/util/UUID$Holder
Event: 119.290 loading class java/util/UUID$Holder done
Event: 124.062 Thread 0x0000024b9aadcc40 Thread exited: 0x0000024b9aadcc40
Event: 124.062 Thread 0x0000024b9aadd150 Thread exited: 0x0000024b9aadd150
Event: 164.145 Thread 0x0000024b9e64aef0 Thread exited: 0x0000024b9e64aef0
Event: 1415.548 Thread 0x0000024b998362d0 flushing nmethod 0x0000024b800b0810
Event: 1415.548 Thread 0x0000024b998362d0 flushing nmethod 0x0000024b80152e10
Event: 1415.551 Thread 0x0000024b998362d0 flushing nmethod 0x0000024b80750e90
Event: 2975.587 loading class java/util/regex/Pattern$1
Event: 2975.587 loading class java/util/regex/Pattern$1 done
Event: 2975.618 Thread 0x0000024b9aadbd10 Thread added: 0x0000024b9aadbd10
Event: 2980.301 Thread 0x0000024b9aadbd10 Thread exited: 0x0000024b9aadbd10
Event: 24329.430 Thread 0x0000024b9aadcc40 Thread added: 0x0000024b9aadcc40
Event: 24329.430 Thread 0x0000024b9aadd150 Thread added: 0x0000024b9aadd150
Event: 24332.062 Thread 0x0000024b9aadd150 Thread exited: 0x0000024b9aadd150
Event: 24337.068 Thread 0x0000024b9aadcc40 Thread exited: 0x0000024b9aadcc40
Event: 32640.302 Thread 0x0000024b998362d0 flushing nmethod 0x0000024b80134110
Event: 32640.303 Thread 0x0000024b998362d0 flushing nmethod 0x0000024b80198710


Dynamic libraries:
0x00007ff735200000 - 0x00007ff735210000 	C:\Program Files\Java\jdk-17\bin\java.exe
0x00007ffa792b0000 - 0x00007ffa794a8000 	C:\WINDOWS\SYSTEM32\ntdll.dll
0x00007ffa78560000 - 0x00007ffa7861f000 	C:\WINDOWS\System32\KERNEL32.DLL
0x00007ffa769e0000 - 0x00007ffa76cd6000 	C:\WINDOWS\System32\KERNELBASE.dll
0x00007ffa76e40000 - 0x00007ffa76f40000 	C:\WINDOWS\System32\ucrtbase.dll
0x00007ffa52bf0000 - 0x00007ffa52c09000 	C:\Program Files\Java\jdk-17\bin\jli.dll
0x00007ffa5d910000 - 0x00007ffa5d92b000 	C:\Program Files\Java\jdk-17\bin\VCRUNTIME140.dll
0x00007ffa77420000 - 0x00007ffa774cf000 	C:\WINDOWS\System32\ADVAPI32.dll
0x00007ffa77620000 - 0x00007ffa776be000 	C:\WINDOWS\System32\msvcrt.dll
0x00007ffa79100000 - 0x00007ffa7919c000 	C:\WINDOWS\System32\sechost.dll
0x00007ffa78430000 - 0x00007ffa78556000 	C:\WINDOWS\System32\RPCRT4.dll
0x00007ffa78f60000 - 0x00007ffa790fd000 	C:\WINDOWS\System32\USER32.dll
0x00007ffa77270000 - 0x00007ffa77292000 	C:\WINDOWS\System32\win32u.dll
0x00007ffa60f20000 - 0x00007ffa611ba000 	C:\WINDOWS\WinSxS\amd64_microsoft.windows.common-controls_6595b64144ccf1df_6.0.19041.1110_none_60b5254171f9507e\COMCTL32.dll
0x00007ffa77310000 - 0x00007ffa7733c000 	C:\WINDOWS\System32\GDI32.dll
0x00007ffa77010000 - 0x00007ffa77125000 	C:\WINDOWS\System32\gdi32full.dll
0x00007ffa76f40000 - 0x00007ffa76fdd000 	C:\WINDOWS\System32\msvcp_win.dll
0x00007ffa6e200000 - 0x00007ffa6e20a000 	C:\WINDOWS\SYSTEM32\VERSION.dll
0x00007ffa773f0000 - 0x00007ffa77420000 	C:\WINDOWS\System32\IMM32.DLL
0x00007ffa70e30000 - 0x00007ffa70e3c000 	C:\Program Files\Java\jdk-17\bin\vcruntime140_1.dll
0x00007ffa52b60000 - 0x00007ffa52bee000 	C:\Program Files\Java\jdk-17\bin\msvcp140.dll
0x00007ffa435d0000 - 0x00007ffa441ad000 	C:\Program Files\Java\jdk-17\bin\server\jvm.dll
0x00007ffa78620000 - 0x00007ffa78628000 	C:\WINDOWS\System32\PSAPI.DLL
0x00007ffa62a80000 - 0x00007ffa62a89000 	C:\WINDOWS\SYSTEM32\WSOCK32.dll
0x00007ffa64920000 - 0x00007ffa64947000 	C:\WINDOWS\SYSTEM32\WINMM.dll
0x00007ffa774d0000 - 0x00007ffa7753b000 	C:\WINDOWS\System32\WS2_32.dll
0x00007ffa74820000 - 0x00007ffa74832000 	C:\WINDOWS\SYSTEM32\kernel.appcore.dll
0x00007ffa61290000 - 0x00007ffa6129a000 	C:\Program Files\Java\jdk-17\bin\jimage.dll
0x00007ffa62400000 - 0x00007ffa625e4000 	C:\WINDOWS\SYSTEM32\DBGHELP.DLL
0x00007ffa623c0000 - 0x00007ffa623f4000 	C:\WINDOWS\SYSTEM32\dbgcore.DLL
0x00007ffa771e0000 - 0x00007ffa77262000 	C:\WINDOWS\System32\bcryptPrimitives.dll
0x00007ffa52b30000 - 0x00007ffa52b55000 	C:\Program Files\Java\jdk-17\bin\java.dll
0x00007ffa52a50000 - 0x00007ffa52b27000 	C:\Program Files\Java\jdk-17\bin\jsvml.dll
0x00007ffa78810000 - 0x00007ffa78f54000 	C:\WINDOWS\System32\SHELL32.dll
0x00007ffa74a20000 - 0x00007ffa751b4000 	C:\WINDOWS\SYSTEM32\windows.storage.dll
0x00007ffa780a0000 - 0x00007ffa783f4000 	C:\WINDOWS\System32\combase.dll
0x00007ffa762e0000 - 0x00007ffa7630e000 	C:\WINDOWS\SYSTEM32\Wldp.dll
0x00007ffa78630000 - 0x00007ffa786dd000 	C:\WINDOWS\System32\SHCORE.dll
0x00007ffa77dd0000 - 0x00007ffa77e25000 	C:\WINDOWS\System32\shlwapi.dll
0x00007ffa768c0000 - 0x00007ffa768e5000 	C:\WINDOWS\SYSTEM32\profapi.dll
0x00007ffa52a30000 - 0x00007ffa52a49000 	C:\Program Files\Java\jdk-17\bin\net.dll
0x00007ffa6e6a0000 - 0x00007ffa6e7aa000 	C:\WINDOWS\SYSTEM32\WINHTTP.dll
0x00007ffa76010000 - 0x00007ffa7607a000 	C:\WINDOWS\system32\mswsock.dll
0x00007ffa52a10000 - 0x00007ffa52a26000 	C:\Program Files\Java\jdk-17\bin\nio.dll
0x00007ffa529f0000 - 0x00007ffa52a08000 	C:\Program Files\Java\jdk-17\bin\zip.dll
0x00007ffa761c0000 - 0x00007ffa761d8000 	C:\WINDOWS\SYSTEM32\CRYPTSP.dll
0x00007ffa75940000 - 0x00007ffa75974000 	C:\WINDOWS\system32\rsaenh.dll
0x00007ffa76fe0000 - 0x00007ffa77007000 	C:\WINDOWS\System32\bcrypt.dll
0x00007ffa76880000 - 0x00007ffa768ae000 	C:\WINDOWS\SYSTEM32\USERENV.dll
0x00007ffa761e0000 - 0x00007ffa761ec000 	C:\WINDOWS\SYSTEM32\CRYPTBASE.dll
0x00007ffa75d10000 - 0x00007ffa75d4c000 	C:\WINDOWS\SYSTEM32\IPHLPAPI.DLL
0x00007ffa786e0000 - 0x00007ffa786e8000 	C:\WINDOWS\System32\NSI.dll
0x00007ffa6f540000 - 0x00007ffa6f557000 	C:\WINDOWS\SYSTEM32\dhcpcsvc6.DLL
0x00007ffa6fce0000 - 0x00007ffa6fcfd000 	C:\WINDOWS\SYSTEM32\dhcpcsvc.DLL
0x00007ffa75d50000 - 0x00007ffa75e1a000 	C:\WINDOWS\SYSTEM32\DNSAPI.dll
0x00007ffa70d50000 - 0x00007ffa70d5d000 	C:\Program Files\Java\jdk-17\bin\sunmscapi.dll
0x00007ffa76ce0000 - 0x00007ffa76e3e000 	C:\WINDOWS\System32\CRYPT32.dll
0x00007ffa76370000 - 0x00007ffa76398000 	C:\WINDOWS\SYSTEM32\ncrypt.dll
0x00007ffa76330000 - 0x00007ffa7636b000 	C:\WINDOWS\SYSTEM32\NTASN1.dll
0x00007ffa71550000 - 0x00007ffa7155a000 	C:\Program Files\Java\jdk-17\bin\management.dll
0x00007ffa70e40000 - 0x00007ffa70e4b000 	C:\Program Files\Java\jdk-17\bin\management_ext.dll
0x00007ffa5e470000 - 0x00007ffa5e480000 	C:\Program Files\Java\jdk-17\bin\verify.dll
0x00007ffa6b180000 - 0x00007ffa6b18a000 	C:\Windows\System32\rasadhlp.dll
0x00007ffa6bf20000 - 0x00007ffa6bfa2000 	C:\WINDOWS\System32\fwpuclnt.dll
0x00007ffa5e400000 - 0x00007ffa5e407000 	C:\WINDOWS\system32\wshunix.dll

dbghelp: loaded successfully - version: 4.0.5 - missing functions: none
symbol engine: initialized successfully - sym options: 0x614 - pdb path: .;C:\Program Files\Java\jdk-17\bin;C:\WINDOWS\SYSTEM32;C:\WINDOWS\WinSxS\amd64_microsoft.windows.common-controls_6595b64144ccf1df_6.0.19041.1110_none_60b5254171f9507e;C:\Program Files\Java\jdk-17\bin\server

VM Arguments:
jvm_args: -Dfile.encoding=windows-1252 -Duser.country=IN -Duser.language=en -Duser.variant 
java_command: com.ecom.prodmanager.ProdmanagerApplication
java_class_path (initial): D:\Courses\projects\prodmanager\build\classes\java\main;D:\Courses\projects\prodmanager\build\resources\main;C:\Users\zoomsthru\.gradle\caches\modules-2\files-2.1\org.springframework.boot\spring-boot-starter-data-mongodb\3.1.0\76c5a0ab09f031c5a030aa09a679c9d9212195bc\spring-boot-starter-data-mongodb-3.1.0.jar;C:\Users\zoomsthru\.gradle\caches\modules-2\files-2.1\org.springframework.boot\spring-boot-starter-web\3.1.0\36a8666047ea49114e0974bece35e2ef68cf975f\spring-boot-starter-web-3.1.0.jar;C:\Users\zoomsthru\.gradle\caches\modules-2\files-2.1\org.springframework.boot\spring-boot-starter-validation\3.1.0\e4ed397b43f21c5edffbf1eba93d61cc74170b5f\spring-boot-starter-validation-3.1.0.jar;C:\Users\zoomsthru\.gradle\caches\modules-2\files-2.1\org.springframework.kafka\spring-kafka\3.0.7\3dd05fb7eea3f043428116d428b1c05424411358\spring-kafka-3.0.7.jar;C:\Users\zoomsthru\.gradle\caches\modules-2\files-2.1\org.springdoc\springdoc-openapi-starter-webmvc-ui\2.1.0\f31615e90b61d18a46a701d5c10e9e505a49a984\springdoc-openapi-starter-webmvc-ui-2.1.0.jar;C:\Users\zoomsthru\.gradle\caches\modules-2\files-2.1\org.springframework.boot\spring-boot-starter-tomcat\3.1.0\e7ea53de5a58aaf63f0e3a80d438f7dfc0b9806b\spring-boot-starter-tomcat-3.1.0.jar;C:\Users\zoomsthru\.gradle\caches\modules-2\files-2.1\org.springframework.boot\spring-boot-starter-json\3.1.0\546bd372bc070339c4255ed37f4f0ff5aafa2648\spring-boot-starter-json-3.1.0.jar;C:\Users\zoomsthru\.gradle\caches\modules-2\files-2.1\org.springframework.boot\spring-boot-starter\3.1.0\2960a1f899f4ee3eb815dc85986b0428c1a5289f\spring-boot-starter-3.1.0.jar;C:\Users\zoomsthru\.gradle\caches\modules-2\files-2.1\org.mongodb\mongodb-driver-sync\4.9.1\38dfe9593bc7c268b1bc735d3ce682af6cdb6fa\mongodb-driver-sync-4.9.1.jar;C:\Users\zoomsthru\.gradle\caches\modules-2\files-2.1\org.springframework.data\spring-data-mongodb\4.1.0\b3b1784c514c13b40d82730fc7add8444467775f\spring-data-mongodb-4.1.0.jar;C:\Users\zoomsthru\.gradle\c
Launcher Type: SUN_STANDARD

[Global flags]
     intx CICompilerCount                          = 4                                         {product} {ergonomic}
     uint ConcGCThreads                            = 2                                         {product} {ergonomic}
     uint G1ConcRefinementThreads                  = 8                                         {product} {ergonomic}
   size_t G1HeapRegionSize                         = 2097152                                   {product} {ergonomic}
    uintx GCDrainStackTargetSize                   = 64                                        {product} {ergonomic}
   size_t InitialHeapSize                          = 268435456                                 {product} {ergonomic}
   size_t MarkStackSize                            = 4194304                                   {product} {ergonomic}
   size_t MaxHeapSize                              = 4271898624                                {product} {ergonomic}
   size_t MaxNewSize                               = 2562719744                                {product} {ergonomic}
   size_t MinHeapDeltaBytes                        = 2097152                                   {product} {ergonomic}
   size_t MinHeapSize                              = 8388608                                   {product} {ergonomic}
    uintx NonNMethodCodeHeapSize                   = 5839372                                {pd product} {ergonomic}
    uintx NonProfiledCodeHeapSize                  = 122909434                              {pd product} {ergonomic}
    uintx ProfiledCodeHeapSize                     = 122909434                              {pd product} {ergonomic}
    uintx ReservedCodeCacheSize                    = 251658240                              {pd product} {ergonomic}
     bool SegmentedCodeCache                       = true                                      {product} {ergonomic}
   size_t SoftMaxHeapSize                          = 4271898624                             {manageable} {ergonomic}
     bool UseCompressedClassPointers               = true                           {product lp64_product} {ergonomic}
     bool UseCompressedOops                        = true                           {product lp64_product} {ergonomic}
     bool UseG1GC                                  = true                                      {product} {ergonomic}
     bool UseLargePagesIndividualAllocation        = false                                  {pd product} {ergonomic}

Logging:
Log output configuration:
 #0: stdout all=warning uptime,level,tags
 #1: stderr all=off uptime,level,tags

Environment Variables:
PATH=C:\Python311\Scripts\;C:\Python311\;C:\Program Files\Teradata\Client\17.10\bin;C:\Program Files (x86)\Teradata\Client\17.10\bin;C:\Program Files\Common Files\Oracle\Java\javapath;C:\Program Files (x86)\Intel\iCLS Client\;C:\Program Files\Intel\iCLS Client\;C:\WINDOWS\system32;C:\WINDOWS;C:\WINDOWS\System32\Wbem;C:\WINDOWS\System32\WindowsPowerShell\v1.0\;C:\Program Files (x86)\Intel\Intel(R) Management Engine Components\DAL;C:\Program Files\Intel\Intel(R) Management Engine Components\DAL;C:\Program Files (x86)\Intel\Intel(R) Management Engine Components\IPT;C:\Program Files\Intel\Intel(R) Management Engine Components\IPT;C:\WINDOWS\System32\OpenSSH\;C:\Program Files\Intel\WiFi\bin\;C:\Program Files\Common Files\Intel\WirelessCommon\;C:\Users\zoomsthru\AppData\Local\Programs\Python\Python310\Scripts;C:\Program Files\nodejs\;C:\ProgramData\chocolatey\bin;C:\Gradle\gradle-8.1.1\bin;D:\Apps\Docker;D:\Apps\Docker\resources\bin;C:\Program Files\Git\cmd;C:\Users\zoomsthru\AppData\Local\Microsoft\WindowsApps;C:\Users\zoomsthru\AppData\Roaming\Dashlane\4.6.8.25848\bin\Firefox_Extension\{442718d9-475e-452a-b3e1-fb1ee16b8e9f}\components;;C:\Users\zoomsthru\AppData\Local\Programs\Microsoft VS Code\bin;C:\Users\zoomsthru\AppData\Roaming\npm
USERNAME=zoomsthru
OS=Windows_NT
PROCESSOR_IDENTIFIER=Intel64 Family 6 Model 94 Stepping 3, GenuineIntel



---------------  S Y S T E M  ---------------

OS:
 Windows 10 , 64 bit Build 19041 (10.0.19041.3155)
OS uptime: 0 days 11:19 hours
Hyper-V role detected

CPU: total 8 (initial active 8) (4 cores per cpu, 2 threads per core) family 6 model 94 stepping 3 microcode 0xcc, cx8, cmov, fxsr, ht, mmx, 3dnowpref, sse, sse2, sse3, ssse3, sse4.1, sse4.2, popcnt, lzcnt, tsc, tscinvbit, avx, avx2, erms, clmul, bmi1, bmi2, rtm, adx, fma, vzeroupper, clflush, clflushopt, hv

Memory: 4k page, system-wide physical 16292M (4857M free)
TotalPageFile size 20644M (AvailPageFile size 4401M)
current process WorkingSet (physical memory assigned to process): 160M, peak: 260M
current process commit charge ("private bytes"): 304M, peak: 417M

vm_info: Java HotSpot(TM) 64-Bit Server VM (17.0.7+8-LTS-224) for windows-amd64 JRE (17.0.7+8-LTS-224), built on Feb 28 2023 23:03:02 by "mach5one" with MS VC++ 17.1 (VS2022)

END.
